2023-05-16 16:05:742 INFO  GearPage :76 - Mouse Hover On Gear[[ChromeDriver: chrome on WINDOWS (a7c660fbff742c2451a239229c0bfac4)] -> xpath: (//span[@class='ui-menu-icon ui-icon ui-icon-carat-1-e'])[7]]
2023-05-16 16:05:62 INFO  GearPage :83 - Click on bags[[ChromeDriver: chrome on WINDOWS (a7c660fbff742c2451a239229c0bfac4)] -> xpath: //span[normalize-space()='Bags']]
2023-05-16 16:05:548 INFO  MenPage :96 - Mouse hover on men menu[[ChromeDriver: chrome on WINDOWS (5583e5b84a34ea1724bb7de7df21a89f)] -> xpath: //a[@id='ui-id-5']//span[contains(text(),'Men')]]
2023-05-16 16:05:801 INFO  MenPage :101 - Mouse hover on bottoms[[ChromeDriver: chrome on WINDOWS (5583e5b84a34ea1724bb7de7df21a89f)] -> xpath: //a[@id='ui-id-18']//span[@class='ui-menu-icon ui-icon ui-icon-carat-1-e']]
2023-05-16 16:05:02 INFO  MenPage :106 - Click on Pants[[ChromeDriver: chrome on WINDOWS (5583e5b84a34ea1724bb7de7df21a89f)] -> xpath: //a[@id='ui-id-23']//span[contains(text(),'Pants')]]
2023-05-16 16:05:661 INFO  MenPage :156 - Click on Cronus size 32[[ChromeDriver: chrome on WINDOWS (5583e5b84a34ea1724bb7de7df21a89f)] -> xpath: //div[@class='swatch-opt-880']//div[@id='option-label-size-143-item-175']]
2023-05-16 16:05:908 INFO  MenPage :161 - Click on Cronus black color[[ChromeDriver: chrome on WINDOWS (5583e5b84a34ea1724bb7de7df21a89f)] -> xpath: //div[@class='swatch-opt-880']//div[@id='option-label-color-93-item-49']]
2023-05-16 16:05:989 INFO  MenPage :167 - Click on Cronus yoga pant and add to cart[[ChromeDriver: chrome on WINDOWS (5583e5b84a34ea1724bb7de7df21a89f)] -> xpath: //div[@data-product-id='880']]
2023-05-16 16:05:577 INFO  WomenPage :44 - Mouse hover on women[[ChromeDriver: chrome on WINDOWS (d3483db4e5c16d97da8c99c24b171f6f)] -> xpath: //a[@id='ui-id-4']//span[contains(text(),'Women')]]
2023-05-16 16:05:837 INFO  WomenPage :49 - Mouse hover on top[[ChromeDriver: chrome on WINDOWS (d3483db4e5c16d97da8c99c24b171f6f)] -> link text: Tops]
2023-05-16 16:05:45 INFO  WomenPage :54 - Click on Jackets[[ChromeDriver: chrome on WINDOWS (d3483db4e5c16d97da8c99c24b171f6f)] -> link text: Jackets]
2023-05-16 16:05:653 INFO  WomenPage :59 - Click on continue button[[ChromeDriver: chrome on WINDOWS (d3483db4e5c16d97da8c99c24b171f6f)] -> xpath: //div[2]//div[3]//select[1]]
2023-05-16 16:05:676 INFO  WomenPage :44 - Mouse hover on women[[ChromeDriver: chrome on WINDOWS (f8d8125d1a76f07c5059e0d2c1fccef8)] -> xpath: //a[@id='ui-id-4']//span[contains(text(),'Women')]]
2023-05-16 16:05:938 INFO  WomenPage :49 - Mouse hover on top[[ChromeDriver: chrome on WINDOWS (f8d8125d1a76f07c5059e0d2c1fccef8)] -> link text: Tops]
2023-05-16 16:05:147 INFO  WomenPage :54 - Click on Jackets[[ChromeDriver: chrome on WINDOWS (f8d8125d1a76f07c5059e0d2c1fccef8)] -> link text: Jackets]
2023-05-16 16:05:876 INFO  WomenPage :64 - Click on continue button[[ChromeDriver: chrome on WINDOWS (f8d8125d1a76f07c5059e0d2c1fccef8)] -> xpath: //select[@id='sorter']]
2023-05-16 16:05:763 INFO  WomenPage :64 - Click on continue button[[ChromeDriver: chrome on WINDOWS (f8d8125d1a76f07c5059e0d2c1fccef8)] -> xpath: //select[@id='sorter']]
2023-05-16 16:05:94 INFO  GearPage :76 - Mouse Hover On Gear[[ChromeDriver: chrome on WINDOWS (6bcc612cbc042533dfa6491b1b0b0b71)] -> xpath: (//span[@class='ui-menu-icon ui-icon ui-icon-carat-1-e'])[7]]
2023-05-16 16:05:456 INFO  GearPage :83 - Click on bags[[ChromeDriver: chrome on WINDOWS (6bcc612cbc042533dfa6491b1b0b0b71)] -> xpath: //span[normalize-space()='Bags']]
2023-05-16 16:05:848 INFO  GearPage :89 - Click on product name[[ChromeDriver: chrome on WINDOWS (6bcc612cbc042533dfa6491b1b0b0b71)] -> xpath: (//strong[@class='product name product-item-name'])[2]]
2023-05-16 16:05:43 INFO  GearPage :135 - Get product name textProxy element for: DefaultElementLocator 'By.xpath: //tbody/tr[1]/td[1]/div[1]/strong[1]/a[1]'
2023-05-16 16:05:507 INFO  MenPage :96 - Mouse hover on men menu[[ChromeDriver: chrome on WINDOWS (d2b580cb08747c8fee306f00d5ca5fcf)] -> xpath: //a[@id='ui-id-5']//span[contains(text(),'Men')]]
2023-05-16 16:05:779 INFO  MenPage :101 - Mouse hover on bottoms[[ChromeDriver: chrome on WINDOWS (d2b580cb08747c8fee306f00d5ca5fcf)] -> xpath: //a[@id='ui-id-18']//span[@class='ui-menu-icon ui-icon ui-icon-carat-1-e']]
2023-05-16 16:05:964 INFO  MenPage :106 - Click on Pants[[ChromeDriver: chrome on WINDOWS (d2b580cb08747c8fee306f00d5ca5fcf)] -> xpath: //a[@id='ui-id-23']//span[contains(text(),'Pants')]]
2023-05-16 16:05:25 INFO  MenPage :156 - Click on Cronus size 32[[ChromeDriver: chrome on WINDOWS (d2b580cb08747c8fee306f00d5ca5fcf)] -> xpath: //div[@class='swatch-opt-880']//div[@id='option-label-size-143-item-175']]
2023-05-16 16:05:130 INFO  MenPage :161 - Click on Cronus black color[[ChromeDriver: chrome on WINDOWS (d2b580cb08747c8fee306f00d5ca5fcf)] -> xpath: //div[@class='swatch-opt-880']//div[@id='option-label-color-93-item-49']]
2023-05-16 16:05:221 INFO  MenPage :167 - Click on Cronus yoga pant and add to cart[[ChromeDriver: chrome on WINDOWS (d2b580cb08747c8fee306f00d5ca5fcf)] -> xpath: //div[@data-product-id='880']]
2023-05-16 16:05:955 INFO  WomenPage :44 - Mouse hover on women[[ChromeDriver: chrome on WINDOWS (b2354042b05a4788634d61ad4278303b)] -> xpath: //a[@id='ui-id-4']//span[contains(text(),'Women')]]
2023-05-16 16:05:219 INFO  WomenPage :49 - Mouse hover on top[[ChromeDriver: chrome on WINDOWS (b2354042b05a4788634d61ad4278303b)] -> link text: Tops]
2023-05-16 16:05:438 INFO  WomenPage :54 - Click on Jackets[[ChromeDriver: chrome on WINDOWS (b2354042b05a4788634d61ad4278303b)] -> link text: Jackets]
2023-05-16 16:05:934 INFO  WomenPage :59 - Click on continue button[[ChromeDriver: chrome on WINDOWS (b2354042b05a4788634d61ad4278303b)] -> xpath: //div[2]//div[3]//select[1]]
2023-05-16 16:05:896 INFO  WomenPage :44 - Mouse hover on women[[ChromeDriver: chrome on WINDOWS (51e6c323c74c44743bf04cc296215d57)] -> xpath: //a[@id='ui-id-4']//span[contains(text(),'Women')]]
2023-05-16 16:05:196 INFO  WomenPage :49 - Mouse hover on top[[ChromeDriver: chrome on WINDOWS (51e6c323c74c44743bf04cc296215d57)] -> link text: Tops]
2023-05-16 16:05:392 INFO  WomenPage :54 - Click on Jackets[[ChromeDriver: chrome on WINDOWS (51e6c323c74c44743bf04cc296215d57)] -> link text: Jackets]
2023-05-16 16:05:938 INFO  WomenPage :64 - Click on continue button[[ChromeDriver: chrome on WINDOWS (51e6c323c74c44743bf04cc296215d57)] -> xpath: //select[@id='sorter']]
2023-05-16 16:05:468 INFO  WomenPage :64 - Click on continue button[[ChromeDriver: chrome on WINDOWS (51e6c323c74c44743bf04cc296215d57)] -> xpath: //select[@id='sorter']]
2023-05-16 16:05:642 INFO  GearPage :76 - Mouse Hover On Gear[[ChromeDriver: chrome on WINDOWS (fa99a14cdaca830567b84123780e0556)] -> xpath: (//span[@class='ui-menu-icon ui-icon ui-icon-carat-1-e'])[7]]
2023-05-16 16:05:27 INFO  GearPage :83 - Click on bags[[ChromeDriver: chrome on WINDOWS (fa99a14cdaca830567b84123780e0556)] -> xpath: //span[normalize-space()='Bags']]
2023-05-16 16:05:355 INFO  GearPage :89 - Click on product name[[ChromeDriver: chrome on WINDOWS (fa99a14cdaca830567b84123780e0556)] -> xpath: (//strong[@class='product name product-item-name'])[2]]
2023-05-16 16:05:491 INFO  GearPage :135 - Get product name text[[ChromeDriver: chrome on WINDOWS (fa99a14cdaca830567b84123780e0556)] -> xpath: //span[@class='base']]
2023-05-16 16:05:797 INFO  GearPage :110 - Change Qty 5Proxy element for: DefaultElementLocator 'By.xpath: //div[@class='control qty']//input'
2023-05-16 16:05:132 INFO  MenPage :96 - Mouse hover on men menu[[ChromeDriver: chrome on WINDOWS (650c17bb03488a01a289a62fa939733d)] -> xpath: //a[@id='ui-id-5']//span[contains(text(),'Men')]]
2023-05-16 16:05:423 INFO  MenPage :101 - Mouse hover on bottoms[[ChromeDriver: chrome on WINDOWS (650c17bb03488a01a289a62fa939733d)] -> xpath: //a[@id='ui-id-18']//span[@class='ui-menu-icon ui-icon ui-icon-carat-1-e']]
2023-05-16 16:05:640 INFO  MenPage :106 - Click on Pants[[ChromeDriver: chrome on WINDOWS (650c17bb03488a01a289a62fa939733d)] -> xpath: //a[@id='ui-id-23']//span[contains(text(),'Pants')]]
2023-05-16 16:05:100 INFO  MenPage :156 - Click on Cronus size 32[[ChromeDriver: chrome on WINDOWS (650c17bb03488a01a289a62fa939733d)] -> xpath: //div[@class='swatch-opt-880']//div[@id='option-label-size-143-item-175']]
2023-05-16 16:05:437 INFO  MenPage :161 - Click on Cronus black color[[ChromeDriver: chrome on WINDOWS (650c17bb03488a01a289a62fa939733d)] -> xpath: //div[@class='swatch-opt-880']//div[@id='option-label-color-93-item-49']]
2023-05-16 16:05:521 INFO  MenPage :167 - Click on Cronus yoga pant and add to cart[[ChromeDriver: chrome on WINDOWS (650c17bb03488a01a289a62fa939733d)] -> xpath: //div[@data-product-id='880']]
2023-05-16 16:05:185 INFO  WomenPage :44 - Mouse hover on women[[ChromeDriver: chrome on WINDOWS (2b9eb8f04590ec3d15eba88a499524c4)] -> xpath: //a[@id='ui-id-4']//span[contains(text(),'Women')]]
2023-05-16 16:05:481 INFO  WomenPage :49 - Mouse hover on top[[ChromeDriver: chrome on WINDOWS (2b9eb8f04590ec3d15eba88a499524c4)] -> link text: Tops]
2023-05-16 16:05:650 INFO  WomenPage :54 - Click on Jackets[[ChromeDriver: chrome on WINDOWS (2b9eb8f04590ec3d15eba88a499524c4)] -> link text: Jackets]
2023-05-16 16:05:164 INFO  WomenPage :59 - Click on continue button[[ChromeDriver: chrome on WINDOWS (2b9eb8f04590ec3d15eba88a499524c4)] -> xpath: //div[2]//div[3]//select[1]]
2023-05-16 16:05:676 INFO  WomenPage :44 - Mouse hover on women[[ChromeDriver: chrome on WINDOWS (cf394f30b72164561275f0e4a0d03c4e)] -> xpath: //a[@id='ui-id-4']//span[contains(text(),'Women')]]
2023-05-16 16:05:994 INFO  WomenPage :49 - Mouse hover on top[[ChromeDriver: chrome on WINDOWS (cf394f30b72164561275f0e4a0d03c4e)] -> link text: Tops]
2023-05-16 16:05:180 INFO  WomenPage :54 - Click on Jackets[[ChromeDriver: chrome on WINDOWS (cf394f30b72164561275f0e4a0d03c4e)] -> link text: Jackets]
2023-05-16 16:05:646 INFO  WomenPage :64 - Click on continue button[[ChromeDriver: chrome on WINDOWS (cf394f30b72164561275f0e4a0d03c4e)] -> xpath: //select[@id='sorter']]
2023-05-16 16:05:176 INFO  WomenPage :64 - Click on continue button[[ChromeDriver: chrome on WINDOWS (cf394f30b72164561275f0e4a0d03c4e)] -> xpath: //select[@id='sorter']]
2023-05-16 16:05:633 INFO  GearPage :76 - Mouse Hover On Gear[[ChromeDriver: chrome on WINDOWS (ededd951c057f5ce62a490ab9ee3eab9)] -> xpath: (//span[@class='ui-menu-icon ui-icon ui-icon-carat-1-e'])[7]]
2023-05-16 16:05:14 INFO  GearPage :83 - Click on bags[[ChromeDriver: chrome on WINDOWS (ededd951c057f5ce62a490ab9ee3eab9)] -> xpath: //span[normalize-space()='Bags']]
2023-05-16 16:05:765 INFO  GearPage :89 - Click on product name[[ChromeDriver: chrome on WINDOWS (ededd951c057f5ce62a490ab9ee3eab9)] -> xpath: (//strong[@class='product name product-item-name'])[2]]
2023-05-16 16:05:340 INFO  GearPage :135 - Get product name text[[ChromeDriver: chrome on WINDOWS (ededd951c057f5ce62a490ab9ee3eab9)] -> xpath: //span[@class='base']]
2023-05-16 16:05:550 INFO  GearPage :110 - Change Qty 5[[ChromeDriver: chrome on WINDOWS (ededd951c057f5ce62a490ab9ee3eab9)] -> xpath: //input[@id='qty']]
2023-05-16 16:05:811 INFO  GearPage :103 - Click on Add to cart[[ChromeDriver: chrome on WINDOWS (ededd951c057f5ce62a490ab9ee3eab9)] -> xpath: //span[contains(text(),'Add to Cart')]]
2023-05-16 16:05:883 INFO  GearPage :140 - Get text added duffle to cart[[ChromeDriver: chrome on WINDOWS (ededd951c057f5ce62a490ab9ee3eab9)] -> xpath: //body/div[1]/main[1]/div[1]/div[2]/div[1]/div[1]/div[1]]
2023-05-16 16:05:922 INFO  GearPage :130 - Click on shopping cart[[ChromeDriver: chrome on WINDOWS (ededd951c057f5ce62a490ab9ee3eab9)] -> xpath: //a[contains(text(),'shopping cart')]]
2023-05-16 16:05:938 INFO  GearPage :135 - Get product name text[[ChromeDriver: chrome on WINDOWS (ededd951c057f5ce62a490ab9ee3eab9)] -> xpath: //span[@class='base']]
2023-05-16 16:05:365 INFO  GearPage :149 - change quantity to 3[[ChromeDriver: chrome on WINDOWS (ededd951c057f5ce62a490ab9ee3eab9)] -> xpath: //div[@class='control qty']//input]
2023-05-16 16:05:451 INFO  GearPage :156 - Get product price[[ChromeDriver: chrome on WINDOWS (ededd951c057f5ce62a490ab9ee3eab9)] -> xpath: //td[@class='col subtotal']//span[@class='price']]
2023-05-16 16:05:604 INFO  GearPage :110 - Change Qty 5Proxy element for: DefaultElementLocator 'By.xpath: //input[@id='qty']'
2023-05-16 16:05:744 INFO  MenPage :96 - Mouse hover on men menu[[ChromeDriver: chrome on WINDOWS (4c883a5cecd686c6a73379de2badcc8f)] -> xpath: //a[@id='ui-id-5']//span[contains(text(),'Men')]]
2023-05-16 16:05:24 INFO  MenPage :101 - Mouse hover on bottoms[[ChromeDriver: chrome on WINDOWS (4c883a5cecd686c6a73379de2badcc8f)] -> xpath: //a[@id='ui-id-18']//span[@class='ui-menu-icon ui-icon ui-icon-carat-1-e']]
2023-05-16 16:05:176 INFO  MenPage :106 - Click on Pants[[ChromeDriver: chrome on WINDOWS (4c883a5cecd686c6a73379de2badcc8f)] -> xpath: //a[@id='ui-id-23']//span[contains(text(),'Pants')]]
2023-05-16 16:05:159 INFO  MenPage :156 - Click on Cronus size 32[[ChromeDriver: chrome on WINDOWS (4c883a5cecd686c6a73379de2badcc8f)] -> xpath: //div[@class='swatch-opt-880']//div[@id='option-label-size-143-item-175']]
2023-05-16 16:05:394 INFO  MenPage :161 - Click on Cronus black color[[ChromeDriver: chrome on WINDOWS (4c883a5cecd686c6a73379de2badcc8f)] -> xpath: //div[@class='swatch-opt-880']//div[@id='option-label-color-93-item-49']]
2023-05-16 16:05:484 INFO  MenPage :167 - Click on Cronus yoga pant and add to cart[[ChromeDriver: chrome on WINDOWS (4c883a5cecd686c6a73379de2badcc8f)] -> xpath: //div[@data-product-id='880']]
2023-05-16 16:05:166 INFO  WomenPage :44 - Mouse hover on women[[ChromeDriver: chrome on WINDOWS (fdf637bf63a1812056096fd7543f354b)] -> xpath: //a[@id='ui-id-4']//span[contains(text(),'Women')]]
2023-05-16 16:05:444 INFO  WomenPage :49 - Mouse hover on top[[ChromeDriver: chrome on WINDOWS (fdf637bf63a1812056096fd7543f354b)] -> link text: Tops]
2023-05-16 16:05:634 INFO  WomenPage :54 - Click on Jackets[[ChromeDriver: chrome on WINDOWS (fdf637bf63a1812056096fd7543f354b)] -> link text: Jackets]
2023-05-16 16:05:161 INFO  WomenPage :59 - Click on continue button[[ChromeDriver: chrome on WINDOWS (fdf637bf63a1812056096fd7543f354b)] -> xpath: //div[2]//div[3]//select[1]]
2023-05-16 16:05:412 INFO  WomenPage :44 - Mouse hover on women[[ChromeDriver: chrome on WINDOWS (fca45bc97a3248a6dab250e2531c1c7c)] -> xpath: //a[@id='ui-id-4']//span[contains(text(),'Women')]]
2023-05-16 16:05:653 INFO  WomenPage :49 - Mouse hover on top[[ChromeDriver: chrome on WINDOWS (fca45bc97a3248a6dab250e2531c1c7c)] -> link text: Tops]
2023-05-16 16:05:846 INFO  WomenPage :54 - Click on Jackets[[ChromeDriver: chrome on WINDOWS (fca45bc97a3248a6dab250e2531c1c7c)] -> link text: Jackets]
2023-05-16 16:05:362 INFO  WomenPage :64 - Click on continue button[[ChromeDriver: chrome on WINDOWS (fca45bc97a3248a6dab250e2531c1c7c)] -> xpath: //select[@id='sorter']]
2023-05-16 16:05:698 INFO  WomenPage :64 - Click on continue button[[ChromeDriver: chrome on WINDOWS (fca45bc97a3248a6dab250e2531c1c7c)] -> xpath: //select[@id='sorter']]
2023-05-16 16:05:572 INFO  GearPage :76 - Mouse Hover On Gear[[ChromeDriver: chrome on WINDOWS (08902e9d2b5f4eaa8fc447a7e5d258a5)] -> xpath: (//span[@class='ui-menu-icon ui-icon ui-icon-carat-1-e'])[7]]
2023-05-16 16:05:845 INFO  GearPage :83 - Click on bags[[ChromeDriver: chrome on WINDOWS (08902e9d2b5f4eaa8fc447a7e5d258a5)] -> xpath: //span[normalize-space()='Bags']]
2023-05-16 16:05:557 INFO  GearPage :89 - Click on product name[[ChromeDriver: chrome on WINDOWS (08902e9d2b5f4eaa8fc447a7e5d258a5)] -> xpath: (//strong[@class='product name product-item-name'])[2]]
2023-05-16 16:05:807 INFO  GearPage :135 - Get product name text[[ChromeDriver: chrome on WINDOWS (08902e9d2b5f4eaa8fc447a7e5d258a5)] -> xpath: //span[@class='base']]
2023-05-16 16:05:917 INFO  GearPage :110 - Change Qty 5[[ChromeDriver: chrome on WINDOWS (08902e9d2b5f4eaa8fc447a7e5d258a5)] -> xpath: //input[@id='qty']]
2023-05-16 16:05:118 INFO  GearPage :103 - Click on Add to cart[[ChromeDriver: chrome on WINDOWS (08902e9d2b5f4eaa8fc447a7e5d258a5)] -> xpath: //span[contains(text(),'Add to Cart')]]
2023-05-16 16:05:709 INFO  GearPage :140 - Get text added duffle to cart[[ChromeDriver: chrome on WINDOWS (08902e9d2b5f4eaa8fc447a7e5d258a5)] -> xpath: //body/div[1]/main[1]/div[1]/div[2]/div[1]/div[1]/div[1]]
2023-05-16 16:05:756 INFO  GearPage :130 - Click on shopping cart[[ChromeDriver: chrome on WINDOWS (08902e9d2b5f4eaa8fc447a7e5d258a5)] -> xpath: //a[contains(text(),'shopping cart')]]
2023-05-16 16:05:588 INFO  GearPage :135 - Get product name text[[ChromeDriver: chrome on WINDOWS (08902e9d2b5f4eaa8fc447a7e5d258a5)] -> xpath: //span[@class='base']]
2023-05-16 16:05:948 INFO  GearPage :149 - change quantity to 3[[ChromeDriver: chrome on WINDOWS (08902e9d2b5f4eaa8fc447a7e5d258a5)] -> xpath: //div[@class='control qty']//input]
2023-05-16 16:05:35 INFO  GearPage :156 - Get product price[[ChromeDriver: chrome on WINDOWS (08902e9d2b5f4eaa8fc447a7e5d258a5)] -> xpath: //td[@class='col subtotal']//span[@class='price']]
2023-05-16 16:05:151 INFO  GearPage :110 - Change Qty 5Proxy element for: DefaultElementLocator 'By.xpath: //input[@id='qty']'
2023-05-16 16:05:446 INFO  GearPage :76 - Mouse Hover On Gear[[ChromeDriver: chrome on WINDOWS (0da51e72b01e24c1c1af1eda854486fe)] -> xpath: (//span[@class='ui-menu-icon ui-icon ui-icon-carat-1-e'])[7]]
2023-05-16 16:05:732 INFO  GearPage :83 - Click on bags[[ChromeDriver: chrome on WINDOWS (0da51e72b01e24c1c1af1eda854486fe)] -> xpath: //span[normalize-space()='Bags']]
2023-05-16 16:05:230 INFO  GearPage :89 - Click on product name[[ChromeDriver: chrome on WINDOWS (0da51e72b01e24c1c1af1eda854486fe)] -> xpath: (//strong[@class='product name product-item-name'])[2]]
2023-05-16 16:05:526 INFO  GearPage :135 - Get product name text[[ChromeDriver: chrome on WINDOWS (0da51e72b01e24c1c1af1eda854486fe)] -> xpath: //span[@class='base']]
2023-05-16 16:05:658 INFO  GearPage :110 - Change Qty 5[[ChromeDriver: chrome on WINDOWS (0da51e72b01e24c1c1af1eda854486fe)] -> xpath: //input[@id='qty']]
2023-05-16 16:05:887 INFO  GearPage :103 - Click on Add to cart[[ChromeDriver: chrome on WINDOWS (0da51e72b01e24c1c1af1eda854486fe)] -> xpath: //span[contains(text(),'Add to Cart')]]
2023-05-16 16:05:700 INFO  GearPage :140 - Get text added duffle to cart[[ChromeDriver: chrome on WINDOWS (0da51e72b01e24c1c1af1eda854486fe)] -> xpath: //body/div[1]/main[1]/div[1]/div[2]/div[1]/div[1]/div[1]]
2023-05-16 16:05:744 INFO  GearPage :130 - Click on shopping cart[[ChromeDriver: chrome on WINDOWS (0da51e72b01e24c1c1af1eda854486fe)] -> xpath: //a[contains(text(),'shopping cart')]]
2023-05-16 16:05:436 INFO  GearPage :135 - Get product name text[[ChromeDriver: chrome on WINDOWS (0da51e72b01e24c1c1af1eda854486fe)] -> xpath: //span[@class='base']]
2023-05-16 16:05:503 INFO  GearPage :149 - change quantity to 3[[ChromeDriver: chrome on WINDOWS (0da51e72b01e24c1c1af1eda854486fe)] -> xpath: //div[@class='control qty']//input]
2023-05-16 16:05:530 INFO  GearPage :156 - Get product price[[ChromeDriver: chrome on WINDOWS (0da51e72b01e24c1c1af1eda854486fe)] -> xpath: //td[@class='col subtotal']//span[@class='price']]
2023-05-16 16:05:648 INFO  GearPage :110 - Change Qty 5Proxy element for: DefaultElementLocator 'By.xpath: //input[@id='qty']'
2023-05-16 16:05:587 INFO  GearPage :76 - Mouse Hover On Gear[[ChromeDriver: chrome on WINDOWS (6309bed443c13d82f01724ec9a571452)] -> xpath: (//span[@class='ui-menu-icon ui-icon ui-icon-carat-1-e'])[7]]
2023-05-16 16:05:962 INFO  GearPage :83 - Click on bags[[ChromeDriver: chrome on WINDOWS (6309bed443c13d82f01724ec9a571452)] -> xpath: //span[normalize-space()='Bags']]
2023-05-16 16:05:698 INFO  GearPage :89 - Click on product name[[ChromeDriver: chrome on WINDOWS (6309bed443c13d82f01724ec9a571452)] -> xpath: (//strong[@class='product name product-item-name'])[2]]
2023-05-16 16:05:15 INFO  GearPage :135 - Get product name text[[ChromeDriver: chrome on WINDOWS (6309bed443c13d82f01724ec9a571452)] -> xpath: //span[@class='base']]
2023-05-16 16:05:223 INFO  GearPage :110 - Change Qty 5[[ChromeDriver: chrome on WINDOWS (6309bed443c13d82f01724ec9a571452)] -> id: qty]
2023-05-16 16:05:499 INFO  GearPage :103 - Click on Add to cart[[ChromeDriver: chrome on WINDOWS (6309bed443c13d82f01724ec9a571452)] -> xpath: //span[contains(text(),'Add to Cart')]]
2023-05-16 16:05:497 INFO  GearPage :140 - Get text added duffle to cart[[ChromeDriver: chrome on WINDOWS (6309bed443c13d82f01724ec9a571452)] -> xpath: //body/div[1]/main[1]/div[1]/div[2]/div[1]/div[1]/div[1]]
2023-05-16 16:05:544 INFO  GearPage :130 - Click on shopping cart[[ChromeDriver: chrome on WINDOWS (6309bed443c13d82f01724ec9a571452)] -> xpath: //a[contains(text(),'shopping cart')]]
2023-05-16 16:05:475 INFO  GearPage :135 - Get product name text[[ChromeDriver: chrome on WINDOWS (6309bed443c13d82f01724ec9a571452)] -> xpath: //span[@class='base']]
2023-05-16 16:05:851 INFO  GearPage :149 - change quantity to 3[[ChromeDriver: chrome on WINDOWS (6309bed443c13d82f01724ec9a571452)] -> xpath: //div[@class='control qty']//input]
2023-05-16 16:05:876 INFO  GearPage :156 - Get product price[[ChromeDriver: chrome on WINDOWS (6309bed443c13d82f01724ec9a571452)] -> xpath: //td[@class='col subtotal']//span[@class='price']]
2023-05-16 16:05:27 INFO  GearPage :110 - Change Qty 5Proxy element for: DefaultElementLocator 'By.id: qty'
2023-05-16 16:05:615 INFO  GearPage :76 - Mouse Hover On Gear[[ChromeDriver: chrome on WINDOWS (7c19bb9ec51f84d74847447ef72a4e51)] -> xpath: (//span[@class='ui-menu-icon ui-icon ui-icon-carat-1-e'])[7]]
2023-05-16 16:05:847 INFO  GearPage :83 - Click on bags[[ChromeDriver: chrome on WINDOWS (7c19bb9ec51f84d74847447ef72a4e51)] -> xpath: //span[normalize-space()='Bags']]
2023-05-16 16:05:600 INFO  GearPage :89 - Click on product name[[ChromeDriver: chrome on WINDOWS (7c19bb9ec51f84d74847447ef72a4e51)] -> xpath: (//strong[@class='product name product-item-name'])[2]]
2023-05-16 16:05:805 INFO  GearPage :135 - Get product name text[[ChromeDriver: chrome on WINDOWS (7c19bb9ec51f84d74847447ef72a4e51)] -> xpath: //span[@class='base']]
2023-05-16 16:05:922 INFO  GearPage :110 - Change Qty 5[[ChromeDriver: chrome on WINDOWS (7c19bb9ec51f84d74847447ef72a4e51)] -> id: qty]
2023-05-16 16:05:149 INFO  GearPage :103 - Click on Add to cart[[ChromeDriver: chrome on WINDOWS (7c19bb9ec51f84d74847447ef72a4e51)] -> xpath: //span[contains(text(),'Add to Cart')]]
2023-05-16 16:05:934 INFO  GearPage :140 - Get text added duffle to cart[[ChromeDriver: chrome on WINDOWS (7c19bb9ec51f84d74847447ef72a4e51)] -> xpath: //body/div[1]/main[1]/div[1]/div[2]/div[1]/div[1]/div[1]]
2023-05-16 16:05:976 INFO  GearPage :130 - Click on shopping cart[[ChromeDriver: chrome on WINDOWS (7c19bb9ec51f84d74847447ef72a4e51)] -> xpath: //a[contains(text(),'shopping cart')]]
2023-05-16 16:05:911 INFO  GearPage :135 - Get product name text[[ChromeDriver: chrome on WINDOWS (7c19bb9ec51f84d74847447ef72a4e51)] -> xpath: //span[@class='base']]
2023-05-16 16:05:266 INFO  GearPage :149 - change quantity to 3[[ChromeDriver: chrome on WINDOWS (7c19bb9ec51f84d74847447ef72a4e51)] -> xpath: //div[@class='control qty']//input]
2023-05-16 16:05:385 INFO  GearPage :156 - Get product price[[ChromeDriver: chrome on WINDOWS (7c19bb9ec51f84d74847447ef72a4e51)] -> xpath: //td[@class='col subtotal']//span[@class='price']]
2023-05-16 16:05:537 INFO  GearPage :110 - Change Qty 5Proxy element for: DefaultElementLocator 'By.id: qty'
2023-05-16 16:05:419 INFO  MenPage :96 - Mouse hover on men menu[[ChromeDriver: chrome on WINDOWS (0b4ee3593b647a83481bd3c4d19e0434)] -> xpath: //a[@id='ui-id-5']//span[contains(text(),'Men')]]
2023-05-16 16:05:872 INFO  MenPage :101 - Mouse hover on bottoms[[ChromeDriver: chrome on WINDOWS (0b4ee3593b647a83481bd3c4d19e0434)] -> xpath: //a[@id='ui-id-18']//span[@class='ui-menu-icon ui-icon ui-icon-carat-1-e']]
2023-05-16 16:05:28 INFO  MenPage :106 - Click on Pants[[ChromeDriver: chrome on WINDOWS (0b4ee3593b647a83481bd3c4d19e0434)] -> xpath: //a[@id='ui-id-23']//span[contains(text(),'Pants')]]
2023-05-16 16:05:528 INFO  MenPage :156 - Click on Cronus size 32[[ChromeDriver: chrome on WINDOWS (0b4ee3593b647a83481bd3c4d19e0434)] -> xpath: //div[@class='swatch-opt-880']//div[@id='option-label-size-143-item-175']]
2023-05-16 16:05:901 INFO  MenPage :161 - Click on Cronus black color[[ChromeDriver: chrome on WINDOWS (0b4ee3593b647a83481bd3c4d19e0434)] -> xpath: //div[@class='swatch-opt-880']//div[@id='option-label-color-93-item-49']]
2023-05-16 16:05:988 INFO  MenPage :167 - Click on Cronus yoga pant and add to cart[[ChromeDriver: chrome on WINDOWS (0b4ee3593b647a83481bd3c4d19e0434)] -> xpath: //div[@data-product-id='880']]
2023-05-16 16:05:599 INFO  MenPage :96 - Mouse hover on men menu[[ChromeDriver: chrome on WINDOWS (87a024c4fd11a964894177c9ee6dcb74)] -> xpath: //a[@id='ui-id-5']//span[contains(text(),'Men')]]
2023-05-16 16:05:24 INFO  MenPage :101 - Mouse hover on bottoms[[ChromeDriver: chrome on WINDOWS (87a024c4fd11a964894177c9ee6dcb74)] -> xpath: //a[@id='ui-id-18']//span[@class='ui-menu-icon ui-icon ui-icon-carat-1-e']]
2023-05-16 16:05:178 INFO  MenPage :106 - Click on Pants[[ChromeDriver: chrome on WINDOWS (87a024c4fd11a964894177c9ee6dcb74)] -> xpath: //a[@id='ui-id-23']//span[contains(text(),'Pants')]]
2023-05-16 16:05:187 INFO  MenPage :156 - Click on Cronus size 32[[ChromeDriver: chrome on WINDOWS (87a024c4fd11a964894177c9ee6dcb74)] -> xpath: //div[@class='swatch-opt-880']//div[@id='option-label-size-143-item-175']]
2023-05-16 16:05:604 INFO  MenPage :161 - Click on Cronus black color[[ChromeDriver: chrome on WINDOWS (87a024c4fd11a964894177c9ee6dcb74)] -> xpath: //div[@class='swatch-opt-880']//div[@id='option-label-color-93-item-49']]
2023-05-16 16:05:694 INFO  MenPage :167 - Click on Cronus yoga pant and add to cart[[ChromeDriver: chrome on WINDOWS (87a024c4fd11a964894177c9ee6dcb74)] -> xpath: //div[@data-product-id='880']]
2023-05-16 17:05:709 INFO  MenPage :96 - Mouse hover on men menu[[ChromeDriver: chrome on WINDOWS (bfae21c067a6e32f8bcf8ad1906ea979)] -> xpath: //a[@id='ui-id-5']//span[contains(text(),'Men')]]
2023-05-16 17:05:17 INFO  MenPage :101 - Mouse hover on bottoms[[ChromeDriver: chrome on WINDOWS (bfae21c067a6e32f8bcf8ad1906ea979)] -> xpath: //a[@id='ui-id-18']//span[@class='ui-menu-icon ui-icon ui-icon-carat-1-e']]
2023-05-16 17:05:176 INFO  MenPage :106 - Click on Pants[[ChromeDriver: chrome on WINDOWS (bfae21c067a6e32f8bcf8ad1906ea979)] -> xpath: //a[@id='ui-id-23']//span[contains(text(),'Pants')]]
2023-05-16 17:05:646 INFO  MenPage :156 - Click on Cronus size 32[[ChromeDriver: chrome on WINDOWS (bfae21c067a6e32f8bcf8ad1906ea979)] -> xpath: //div[@class='swatch-opt-880']//div[@id='option-label-size-143-item-175']]
2023-05-16 17:05:26 INFO  MenPage :161 - Click on Cronus black color[[ChromeDriver: chrome on WINDOWS (bfae21c067a6e32f8bcf8ad1906ea979)] -> xpath: //div[@class='swatch-opt-880']//div[@id='option-label-color-93-item-49']]
2023-05-16 17:05:108 INFO  MenPage :167 - Click on Cronus yoga pant and add to cart[[ChromeDriver: chrome on WINDOWS (bfae21c067a6e32f8bcf8ad1906ea979)] -> xpath: //div[@data-product-id='880']]
2023-05-16 17:05:852 INFO  MenPage :96 - Mouse hover on men menu[[ChromeDriver: chrome on WINDOWS (9eb5c16bc63e9ed3ccfd4e312e682fe2)] -> xpath: //a[@id='ui-id-5']//span[contains(text(),'Men')]]
2023-05-16 17:05:22 INFO  MenPage :101 - Mouse hover on bottoms[[ChromeDriver: chrome on WINDOWS (9eb5c16bc63e9ed3ccfd4e312e682fe2)] -> xpath: //a[@id='ui-id-18']//span[@class='ui-menu-icon ui-icon ui-icon-carat-1-e']]
2023-05-16 17:05:210 INFO  MenPage :106 - Click on Pants[[ChromeDriver: chrome on WINDOWS (9eb5c16bc63e9ed3ccfd4e312e682fe2)] -> xpath: //a[@id='ui-id-23']//span[contains(text(),'Pants')]]
2023-05-16 17:05:590 INFO  MenPage :156 - Click on Cronus size 32[[ChromeDriver: chrome on WINDOWS (9eb5c16bc63e9ed3ccfd4e312e682fe2)] -> xpath: //div[@class='swatch-opt-880']//div[@id='option-label-size-143-item-175']]
2023-05-16 17:05:993 INFO  MenPage :161 - Click on Cronus black color[[ChromeDriver: chrome on WINDOWS (9eb5c16bc63e9ed3ccfd4e312e682fe2)] -> xpath: //div[@class='swatch-opt-880']//div[@id='option-label-color-93-item-49']]
2023-05-16 17:05:79 INFO  MenPage :167 - Click on Cronus yoga pant and add to cart[[ChromeDriver: chrome on WINDOWS (9eb5c16bc63e9ed3ccfd4e312e682fe2)] -> xpath: //div[@data-product-id='880']]
2023-05-16 17:05:317 INFO  MenPage :96 - Mouse hover on men menu[[ChromeDriver: chrome on WINDOWS (882e137c06cf3efe0bf60d7792bbd892)] -> xpath: //a[@id='ui-id-5']//span[contains(text(),'Men')]]
2023-05-16 17:05:617 INFO  MenPage :101 - Mouse hover on bottoms[[ChromeDriver: chrome on WINDOWS (882e137c06cf3efe0bf60d7792bbd892)] -> xpath: //a[@id='ui-id-18']//span[@class='ui-menu-icon ui-icon ui-icon-carat-1-e']]
2023-05-16 17:05:792 INFO  MenPage :106 - Click on Pants[[ChromeDriver: chrome on WINDOWS (882e137c06cf3efe0bf60d7792bbd892)] -> xpath: //a[@id='ui-id-23']//span[contains(text(),'Pants')]]
2023-05-16 17:05:596 INFO  MenPage :156 - Click on Cronus size 32[[ChromeDriver: chrome on WINDOWS (882e137c06cf3efe0bf60d7792bbd892)] -> xpath: //div[@class='swatch-opt-880']//div[@id='option-label-size-143-item-175']]
2023-05-16 17:05:683 INFO  MenPage :161 - Click on Cronus black color[[ChromeDriver: chrome on WINDOWS (882e137c06cf3efe0bf60d7792bbd892)] -> xpath: //div[@class='swatch-opt-880']//div[@id='option-label-color-93-item-49']]
2023-05-16 17:05:810 INFO  MenPage :167 - Click on Cronus yoga pant and add to cart[[ChromeDriver: chrome on WINDOWS (882e137c06cf3efe0bf60d7792bbd892)] -> xpath: //div[@data-product-id='880']]
2023-05-16 17:05:212 INFO  MenPage :96 - Mouse hover on men menu[[ChromeDriver: chrome on WINDOWS (b52a604fb531df4f79a11349a758ec9e)] -> xpath: //a[@id='ui-id-5']//span[contains(text(),'Men')]]
2023-05-16 17:05:637 INFO  MenPage :101 - Mouse hover on bottoms[[ChromeDriver: chrome on WINDOWS (b52a604fb531df4f79a11349a758ec9e)] -> xpath: //a[@id='ui-id-18']//span[@class='ui-menu-icon ui-icon ui-icon-carat-1-e']]
2023-05-16 17:05:804 INFO  MenPage :106 - Click on Pants[[ChromeDriver: chrome on WINDOWS (b52a604fb531df4f79a11349a758ec9e)] -> xpath: //a[@id='ui-id-23']//span[contains(text(),'Pants')]]
2023-05-16 17:05:532 INFO  MenPage :156 - Click on Cronus size 32[[ChromeDriver: chrome on WINDOWS (b52a604fb531df4f79a11349a758ec9e)] -> xpath: //div[@class='swatch-opt-880']//div[@id='option-label-size-143-item-175']]
2023-05-16 17:05:943 INFO  MenPage :161 - Click on Cronus black color[[ChromeDriver: chrome on WINDOWS (b52a604fb531df4f79a11349a758ec9e)] -> xpath: //div[@class='swatch-opt-880']//div[@id='option-label-color-93-item-49']]
2023-05-16 17:05:63 INFO  MenPage :167 - Click on Cronus yoga pant and add to cart[[ChromeDriver: chrome on WINDOWS (b52a604fb531df4f79a11349a758ec9e)] -> xpath: //div[@data-product-id='880']]
2023-05-16 17:05:663 INFO  WomenPage :44 - Mouse hover on women[[ChromeDriver: chrome on WINDOWS (da054a6531de34e939386248e9a9bfa1)] -> xpath: //a[@id='ui-id-4']//span[contains(text(),'Women')]]
2023-05-16 17:05:82 INFO  WomenPage :49 - Mouse hover on top[[ChromeDriver: chrome on WINDOWS (da054a6531de34e939386248e9a9bfa1)] -> link text: Tops]
2023-05-16 17:05:254 INFO  WomenPage :54 - Click on Jackets[[ChromeDriver: chrome on WINDOWS (da054a6531de34e939386248e9a9bfa1)] -> link text: Jackets]
2023-05-16 17:05:797 INFO  WomenPage :59 - Click on continue button[[ChromeDriver: chrome on WINDOWS (da054a6531de34e939386248e9a9bfa1)] -> xpath: //div[2]//div[3]//select[1]]
2023-05-16 17:05:699 INFO  WomenPage :44 - Mouse hover on women[[ChromeDriver: chrome on WINDOWS (fe3729efdb46d3988d749c991613891e)] -> xpath: //a[@id='ui-id-4']//span[contains(text(),'Women')]]
2023-05-16 17:05:08 INFO  WomenPage :49 - Mouse hover on top[[ChromeDriver: chrome on WINDOWS (fe3729efdb46d3988d749c991613891e)] -> link text: Tops]
2023-05-16 17:05:163 INFO  WomenPage :54 - Click on Jackets[[ChromeDriver: chrome on WINDOWS (fe3729efdb46d3988d749c991613891e)] -> link text: Jackets]
2023-05-16 17:05:97 INFO  WomenPage :64 - Click on continue button[[ChromeDriver: chrome on WINDOWS (fe3729efdb46d3988d749c991613891e)] -> xpath: //select[@id='sorter']]
2023-05-16 17:05:92 INFO  WomenPage :64 - Click on continue button[[ChromeDriver: chrome on WINDOWS (fe3729efdb46d3988d749c991613891e)] -> xpath: //select[@id='sorter']]
